This is LuaTeX, Version beta-0.70.2-2013052515 (TeX Live 2012/Cygwin) (INITEX)  31 MAY 2013 13:04
 restricted \write18 enabled.
**luatex.ini
(/usr/share/texmf-dist/tex/plain/config/luatex.ini
(/usr/share/texmf/tex/generic/config/luatexiniconfig.tex)
(/usr/share/texmf/tex/generic/config/luatex-unicode-letters.tex
loading Unicode properties) (/usr/share/texmf-dist/tex/plain/config/pdfetex.ini
(/usr/share/texmf/tex/generic/config/pdftexconfig.tex)
(/usr/share/texmf-dist/tex/luatex/hyph-utf8/etex.src
(/usr/share/texmf-dist/tex/plain/base/plain.tex
Preloading the plain format: codes, registers,
\maxdimen=\dimen10
\hideskip=\skip10
\centering=\skip11
\p@=\dimen11
\z@=\dimen12
\z@skip=\skip12
\voidb@x=\box10
 parameters,
\smallskipamount=\skip13
\medskipamount=\skip14
\bigskipamount=\skip15
\normalbaselineskip=\skip16
\normallineskip=\skip17
\normallineskiplimit=\dimen13
\jot=\dimen14
\interdisplaylinepenalty=\count23
\interfootnotelinepenalty=\count24
 fonts, more fonts,
\itfam=\fam4
\slfam=\fam5
\bffam=\fam6
\ttfam=\fam7

macros,
\strutbox=\box11
\mscount=\count25
\tabs=\box12
\tabsyet=\box13
\tabsdone=\box14
 math definitions,
\rootbox=\box15
\p@renwd=\dimen15
 output routines,
\headline=\toks10
\footline=\toks11
\footins=\insert254
\topins=\insert253
 hyphenation
(/usr/share/texmf/tex/generic/hyphen/hyphen.tex
[skipping from \patterns to end-of-file...]))
\et@xinput=\read0
\et@xtoks=\toks12

(/usr/share/texmf-dist/tex/plain/etex/etexdefs.lib
Skipping module "grouptypes"; Loading module "interactionmodes";
Skipping module "nodetypes"; Skipping module "iftypes";)
(/usr/share/texmf/tex/generic/config/language.def
\lang@USenglish=\language0
luatex-hyphen: using data file: /usr/share/texmf/tex/generic/config/language.da
t.lua
(/usr/share/texmf/tex/generic/hyphen/hyphen.tex)
\lang@german-x-2012-05-30=\language1
\lang@german-x-latest=\language2
\lang@ngerman-x-2012-05-30=\language3
\lang@ngerman-x-latest=\language4
\lang@afrikaans=\language5
\lang@ancientgreek=\language6
\lang@ibycus=\language7
\lang@arabic=\language8
\lang@armenian=\language9
\lang@basque=\language10
\lang@bulgarian=\language11
\lang@catalan=\language12
\lang@pinyin=\language13
\lang@coptic=\language14
\lang@croatian=\language15
\lang@czech=\language16
\lang@danish=\language17
\lang@dutch=\language18
\lang@ukenglish=\language19
\lang@british=\language20
\lang@UKenglish=\language21
\lang@usenglishmax=\language22
\lang@esperanto=\language23
\lang@estonian=\language24
\lang@ethiopic=\language25
\lang@amharic=\language26
\lang@geez=\language27
\lang@farsi=\language28
\lang@persian=\language29
\lang@finnish=\language30
\lang@french=\language31
\lang@patois=\language32
\lang@francais=\language33
\lang@friulan=\language34
\lang@galician=\language35
\lang@german=\language36
\lang@ngerman=\language37
\lang@swissgerman=\language38
\lang@monogreek=\language39
\lang@greek=\language40
\lang@polygreek=\language41
\lang@hungarian=\language42
\lang@icelandic=\language43
\lang@assamese=\language44
\lang@bengali=\language45
\lang@gujarati=\language46
\lang@hindi=\language47
\lang@kannada=\language48
\lang@malayalam=\language49
\lang@marathi=\language50
\lang@oriya=\language51
\lang@panjabi=\language52
\lang@tamil=\language53
\lang@telugu=\language54
\lang@indonesian=\language55
\lang@interlingua=\language56
\lang@irish=\language57
\lang@italian=\language58
\lang@kurmanji=\language59
\lang@latin=\language60
\lang@latvian=\language61
\lang@lithuanian=\language62
\lang@mongolian=\language63
\lang@mongolianlmc=\language64
\lang@bokmal=\language65
\lang@norwegian=\language66
\lang@norsk=\language67
\lang@nynorsk=\language68
\lang@polish=\language69
\lang@portuguese=\language70
\lang@portuges=\language71
\lang@romanian=\language72
\lang@romansh=\language73
\lang@russian=\language74
\lang@sanskrit=\language75
\lang@serbian=\language76
\lang@serbianc=\language77
\lang@slovak=\language78
\lang@slovenian=\language79
\lang@slovene=\language80
\lang@spanish=\language81
\lang@espanol=\language82
\lang@swedish=\language83
\lang@turkish=\language84
\lang@turkmen=\language85
\lang@ukrainian=\language86
\lang@uppersorbian=\language87
\lang@welsh=\language88
)
Augmenting the Plain TeX definitions: \tracingall;
Adding new e-TeX definitions: \eTeX, \loggingall, \tracingnone,
register allocation;
\et@xins=\count26
 extended register allocation; 
Recycling: \addlanguage, \@nswer (not defined), \@sk, \b@dresponsetrue,
\b@dresponsefalse, \ch@ckforyn, \mayber@cycle, \et@xabort, \et@xbuf,
\et@xfmtsrc, \et@xfilehdr, \et@xinf, \et@xpatterns, \l@ngdefnfile, \n@xt,
\p@rse (not defined), \pr@mpt (not defined), \pr@mptloop (not defined),
\forcer@cycle, \usef@llback, \usef@llbacktrue, \usef@llbackfalse, 
Retaining: \et@xerr, \et@xinput, \et@xlibhdr, \et@xmsg, \et@xtoks, \et@xwarn,
\et@xl@@d, \et@xl@ad, \et@xload, \et@xlang, \et@xhash, \eTeX, \etexhdrchk,
\etexstatus, \module, \uselanguage, \r@tain, \r@cycle,)
(/usr/share/texmf-dist/tex/plain/config/pdftexmagfix.tex) ) )
Beginning to dump on file luatex.fmt
 (format=luatex 2013.5.31)
3440 strings using 12960 bytes
69031 memory locations dumped; current usage is 103&8491
2001 multiletter control sequences
\font\nullfont=nullfont
\font\tenrm=cmr10
\font\preloaded=cmr9
\font\preloaded=cmr8
\font\sevenrm=cmr7
\font\preloaded=cmr6
\font\fiverm=cmr5
\font\teni=cmmi10
\font\preloaded=cmmi9
\font\preloaded=cmmi8
\font\seveni=cmmi7
\font\preloaded=cmmi6
\font\fivei=cmmi5
\font\tensy=cmsy10
\font\preloaded=cmsy9
\font\preloaded=cmsy8
\font\sevensy=cmsy7
\font\preloaded=cmsy6
\font\fivesy=cmsy5
\font\tenex=cmex10
\font\preloaded=cmss10
\font\preloaded=cmssq8
\font\preloaded=cmssi10
\font\preloaded=cmssqi8
\font\tenbf=cmbx10
\font\preloaded=cmbx9
\font\preloaded=cmbx8
\font\sevenbf=cmbx7
\font\preloaded=cmbx6
\font\fivebf=cmbx5
\font\tentt=cmtt10
\font\preloaded=cmtt9
\font\preloaded=cmtt8
\font\preloaded=cmsltt10
\font\tensl=cmsl10
\font\preloaded=cmsl9
\font\preloaded=cmsl8
\font\tenit=cmti10
\font\preloaded=cmti9
\font\preloaded=cmti8
\font\preloaded=cmti7
\font\preloaded=cmu10
\font\preloaded=cmmib10
\font\preloaded=cmbsy10
\font\preloaded=cmcsc10
\font\preloaded=cmssbx10
\font\preloaded=cmdunh10
\font\preloaded=cmr7 at 14.51799pt
\font\preloaded=cmtt10 at 14.4pt
\font\preloaded=cmssbx10 at 14.4pt
\font\preloaded=manfnt
50 preloaded fonts
0 words of pdf memory
0 indirect objects
No pages of output.

PDF statistics: 0 PDF objects out of 1000 (max. 8388607)
 0 named destinations out of 1000 (max. 131072)
 1 words of extra memory for PDF output out of 10000 (max. 10000000)

