updmap (TeX Live, multi) version $Id: updmap.pl 26891 2012-06-10 22:41:49Z karl $
Fri May 31 13:25:20 2013

Using the following config files:
  /etc/texmf/web2c/updmap.cfg
  /usr/share/texmf/web2c/updmap.cfg

updmap is creating new map files
using the following configuration:
  LW35 font names                  : URWkb (/usr/share/texmf/web2c/updmap.cfg)
  prefer outlines                  : true (/usr/share/texmf/web2c/updmap.cfg)
  texhash enabled                  : false
  download standard fonts (dvips)  : true (/usr/share/texmf/web2c/updmap.cfg)
  download standard fonts (pdftex) : true (/usr/share/texmf/web2c/updmap.cfg)
  kanjiEmbed replacement string    : noEmbed (/usr/share/texmf/web2c/updmap.cfg)
  kanjiVariant replacement string  :  (default)
  create a mapfile for pxdvi       : false (default)

Scanning for LW35 support files

/usr/share/texmf/fonts/map/dvips/tetex/dvips35.map
/usr/share/texmf/fonts/map/dvips/tetex/pdftex35.map
/usr/share/texmf/fonts/map/dvips/tetex/ps2pk35.map

  [  3 files]

Scanning for MixedMap entries
/usr/share/texmf-dist/fonts/map/dvips/cm-super/cm-super-t1.map
/usr/share/texmf-dist/fonts/map/dvips/cm-super/cm-super-t2a.map
/usr/share/texmf-dist/fonts/map/dvips/cm-super/cm-super-t2b.map
/usr/share/texmf-dist/fonts/map/dvips/cm-super/cm-super-t2c.map
/usr/share/texmf-dist/fonts/map/dvips/cm-super/cm-super-ts1.map
/usr/share/texmf-dist/fonts/map/dvips/cm-super/cm-super-x2.map
/usr/share/texmf-dist/fonts/map/dvips/amsfonts/cm.map
/usr/share/texmf-dist/fonts/map/dvips/amsfonts/cmextra.map
/usr/share/texmf-dist/fonts/map/dvips/cm/cmtext-bsr-interpolated.map
/usr/share/texmf-dist/fonts/map/dvips/amsfonts/cyrillic.map
/usr/share/texmf-dist/fonts/map/dvips/esint-type1/esint.map
/usr/share/texmf-dist/fonts/map/dvips/eurosym/eurosym.map
/usr/share/texmf-dist/fonts/map/dvips/amsfonts/latxfont.map
/usr/share/texmf-dist/fonts/map/dvips/manfnt/manfnt.map
/usr/share/texmf-dist/fonts/map/dvips/mflogo/mflogo.map
/usr/share/texmf-dist/fonts/map/dvips/rsfs/rsfs.map
/usr/share/texmf-dist/fonts/map/dvips/stmaryrd/stmaryrd.map
/usr/share/texmf-dist/fonts/map/dvips/amsfonts/symbols.map
/usr/share/texmf-dist/fonts/map/dvips/tipa/tipa.map
/usr/share/texmf-dist/fonts/map/dvips/wasy/wasy.map
/usr/share/texmf-dist/fonts/map/dvips/xypic/xypic.map
/usr/share/texmf-dist/fonts/map/dvips/yhmath/yhmath.map

    [ 22 files]

Scanning for KanjiMap entries

    [  0 files]

Scanning for Map entries
/usr/share/texmf-dist/fonts/map/dvips/psnfss/charter.map
/usr/share/texmf-dist/fonts/map/dvips/epiolmec/epiolmec.map
/usr/share/texmf-dist/fonts/map/dvips/amsfonts/euler.map
/usr/share/texmf-dist/fonts/map/dvips/psnfss/fpls.map
/usr/share/texmf-dist/fonts/map/dvips/knitting/knitfont.map
/usr/share/texmf-dist/fonts/map/dvips/lm/lm.map
/usr/share/texmf-dist/fonts/map/dvips/marvosym/marvosym.map
/usr/share/texmf/fonts/map/dvips/tetex/mathpple.map
/usr/share/texmf-dist/fonts/map/dvips/psnfss/pazo.map
/usr/share/texmf-dist/fonts/map/dvips/pxfonts/pxfonts.map
/usr/share/texmf-dist/fonts/map/dvips/tex-gyre/qag.map
/usr/share/texmf-dist/fonts/map/dvips/tex-gyre/qbk.map
/usr/share/texmf-dist/fonts/map/dvips/tex-gyre/qcr.map
/usr/share/texmf-dist/fonts/map/dvips/tex-gyre/qcs.map
/usr/share/texmf-dist/fonts/map/dvips/tex-gyre/qhv.map
/usr/share/texmf-dist/fonts/map/dvips/tex-gyre/qpl.map
/usr/share/texmf-dist/fonts/map/dvips/tex-gyre/qtm.map
/usr/share/texmf-dist/fonts/map/dvips/tex-gyre/qzc.map
/usr/share/texmf-dist/fonts/map/dvips/txfonts/txfonts.map
/usr/share/texmf-dist/fonts/map/dvips/psnfss/utopia.map

         [ 20 files]



/usr/share/texmf/fonts/map/dvips/tetex/ps2pk35.map:
cob
cobo
com
coo
hv
hvb
hvbo
hvo
pagd8r
pagd8y
pagdo8r
pagdo8y
pagk8r
pagk8y
pagko8r
pagko8y
pbkd8r
pbkd8y
pbkdi8r
pbkdi8y
pbkdo8r
pbkdo8y
pbkl8r
pbkl8y
pbkli8r
pbkli8y
pbklo8r
pbklo8y
pcrb8r
pcrb8y
pcrbo8r
pcrbo8y
pcrr8r
pcrr8rn
pcrr8y
pcrro8r
pcrro8y
phvb8r
phvb8rn
phvb8y
phvb8yn
phvbo8r
phvbo8rn
phvbo8y
phvbo8yn
phvr8r
phvr8rn
phvr8y
phvr8yn
phvro8r
phvro8rn
phvro8y
phvro8yn
pncb8r
pncb8y
pncbi8r
pncbi8y
pncbo8r
pncbo8y
pncr8r
pncr8y
pncri8r
pncri8y
pncro8r
pncro8y
pplb8r
pplb8y
pplbi8r
pplbi8y
pplbo8r
pplbo8y
pplbu8r
pplbu8y
pplr8r
pplr8rn
pplr8y
pplr8yn
pplri8r
pplri8y
pplro8r
pplro8y
pplrr8re
pplrr8ye
pplru8r
pplru8y
psyr
psyro
ptmb8r
ptmb8y
ptmbi8r
ptmbi8y
ptmbo8r
ptmbo8y
ptmr8r
ptmr8rn
ptmr8y
ptmr8yn
ptmri8r
ptmri8y
ptmro8r
ptmro8y
ptmrr8re
ptmrr8ye
pzcmi8r
pzcmi8y
pzdr
rpagd
rpagdo
rpagk
rpagko
rpbkd
rpbkdi
rpbkl
rpbkli
rpcrb
rpcrbo
rpcrr
rpcrro
rphvb
rphvbo
rphvbon
rphvbrn
rphvr
rphvro
rphvron
rphvrrn
rpncb
rpncbi
rpncr
rpncri
rpplb
rpplbi
rpplbu
rpplr
rpplri
rpplro
rpplrre
rpplrrn
rpplru
rpsyr
rpsyro
rptmb
rptmbi
rptmbo
rptmr
rptmri
rptmro
rptmrre
rptmrrn
rpxpplb
rpxpplbi
rpxpplbo
rpxpplr
rpxpplri
rpxpplro
rpzcmi
rpzdr
rtxphvb
rtxphvbo
rtxphvr
rtxphvro
rtxptmb
rtxptmbi
rtxptmbo
rtxptmr
rtxptmri
rtxptmro
sy
tib
tibi
tibo
tii
tio
tir
tmbi108r
tmbo108r
tmbu108r
tmrb108r
tmri108r
tmrm108r
tmro108r
tmui108r
zd

/usr/share/texmf/fonts/map/dvips/tetex/dvips35.map:
cob
cobo
com
coo
hv
hvb
hvbo
hvo
pagd8r
pagd8y
pagdo8r
pagdo8y
pagk8r
pagk8y
pagko8r
pagko8y
pbkd8r
pbkd8y
pbkdi8r
pbkdi8y
pbkdo8r
pbkdo8y
pbkl8r
pbkl8y
pbkli8r
pbkli8y
pbklo8r
pbklo8y
pcrb8r
pcrb8y
pcrbo8r
pcrbo8y
pcrr8r
pcrr8rn
pcrr8y
pcrro8r
pcrro8y
phvb8r
phvb8rn
phvb8y
phvb8yn
phvbo8r
phvbo8rn
phvbo8y
phvbo8yn
phvr8r
phvr8rn
phvr8y
phvr8yn
phvro8r
phvro8rn
phvro8y
phvro8yn
pncb8r
pncb8y
pncbi8r
pncbi8y
pncbo8r
pncbo8y
pncr8r
pncr8y
pncri8r
pncri8y
pncro8r
pncro8y
pplb8r
pplb8y
pplbi8r
pplbi8y
pplbo8r
pplbo8y
pplbu8r
pplbu8y
pplr8r
pplr8rn
pplr8y
pplr8yn
pplri8r
pplri8y
pplro8r
pplro8y
pplrr8re
pplrr8ye
pplru8r
pplru8y
psyr
psyro
ptmb8r
ptmb8y
ptmbi8r
ptmbi8y
ptmbo8r
ptmbo8y
ptmr8r
ptmr8rn
ptmr8y
ptmr8yn
ptmri8r
ptmri8y
ptmro8r
ptmro8y
ptmrr8re
ptmrr8ye
pzcmi8r
pzcmi8y
pzdr
rpagd
rpagdo
rpagk
rpagko
rpbkd
rpbkdi
rpbkl
rpbkli
rpcrb
rpcrbo
rpcrr
rpcrro
rphvb
rphvbo
rphvbon
rphvbrn
rphvr
rphvro
rphvron
rphvrrn
rpncb
rpncbi
rpncr
rpncri
rpplb
rpplbi
rpplbu
rpplr
rpplri
rpplro
rpplrre
rpplrrn
rpplru
rpsyr
rpsyro
rptmb
rptmbi
rptmbo
rptmr
rptmri
rptmro
rptmrre
rptmrrn
rpxpplb
rpxpplbi
rpxpplbo
rpxpplr
rpxpplri
rpxpplro
rpzcmi
rpzdr
rtxphvb
rtxphvbo
rtxphvr
rtxphvro
rtxptmb
rtxptmbi
rtxptmbo
rtxptmr
rtxptmri
rtxptmro
sy
tib
tibi
tibo
tii
tio
tir
tmbi108r
tmbo108r
tmbu108r
tmrb108r
tmri108r
tmrm108r
tmro108r
tmui108r
zd

/usr/share/texmf/fonts/map/dvips/tetex/pdftex35.map:
cob
cobo
com
coo
hv
hvb
hvbo
hvo
pagd8r
pagd8y
pagdo8r
pagdo8y
pagk8r
pagk8y
pagko8r
pagko8y
pbkd8r
pbkd8y
pbkdi8r
pbkdi8y
pbkdo8r
pbkdo8y
pbkl8r
pbkl8y
pbkli8r
pbkli8y
pbklo8r
pbklo8y
pcrb8r
pcrb8y
pcrbo8r
pcrbo8y
pcrr8r
pcrr8rn
pcrr8y
pcrro8r
pcrro8y
phvb8r
phvb8rn
phvb8y
phvb8yn
phvbo8r
phvbo8rn
phvbo8y
phvbo8yn
phvr8r
phvr8rn
phvr8y
phvr8yn
phvro8r
phvro8rn
phvro8y
phvro8yn
pncb8r
pncb8y
pncbi8r
pncbi8y
pncbo8r
pncbo8y
pncr8r
pncr8y
pncri8r
pncri8y
pncro8r
pncro8y
pplb8r
pplb8y
pplbi8r
pplbi8y
pplbo8r
pplbo8y
pplbu8r
pplbu8y
pplr8r
pplr8rn
pplr8y
pplr8yn
pplri8r
pplri8y
pplro8r
pplro8y
pplrr8re
pplrr8ye
pplru8r
pplru8y
psyr
psyro
ptmb8r
ptmb8y
ptmbi8r
ptmbi8y
ptmbo8r
ptmbo8y
ptmr8r
ptmr8rn
ptmr8y
ptmr8yn
ptmri8r
ptmri8y
ptmro8r
ptmro8y
ptmrr8re
ptmrr8ye
pzcmi8r
pzcmi8y
pzdr
rpagd
rpagdo
rpagk
rpagko
rpbkd
rpbkdi
rpbkl
rpbkli
rpcrb
rpcrbo
rpcrr
rpcrro
rphvb
rphvbo
rphvbon
rphvbrn
rphvr
rphvro
rphvron
rphvrrn
rpncb
rpncbi
rpncr
rpncri
rpplb
rpplbi
rpplbu
rpplr
rpplri
rpplro
rpplrre
rpplrrn
rpplru
rpsyr
rpsyro
rptmb
rptmbi
rptmbo
rptmr
rptmri
rptmro
rptmrre
rptmrrn
rpxpplb
rpxpplbi
rpxpplbo
rpxpplr
rpxpplri
rpxpplro
rpzcmi
rpzdr
rtxphvb
rtxphvbo
rtxphvr
rtxphvro
rtxptmb
rtxptmbi
rtxptmbo
rtxptmr
rtxptmri
rtxptmro
sy
tib
tibi
tibo
tii
tio
tir
tmbi108r
tmbo108r
tmbu108r
tmrb108r
tmri108r
tmrm108r
tmro108r
tmui108r
zd

/usr/share/texmf-dist/fonts/map/dvips/cm-super/cm-super-t1.map:
ebbx10
ebmo10
ebmo17
ebmo8
ebmo9
ebmr10
ebmr17
ebmr8
ebmr9
ebso10
ebso17
ebso8
ebso9
ebsr10
ebsr17
ebsr8
ebsr9
ebtl10
ebto10
ecbi0500
ecbi0600
ecbi0700
ecbi0800
ecbi0900
ecbi1000
ecbi1095
ecbi1200
ecbi1440
ecbi1728
ecbi2074
ecbi2488
ecbi2986
ecbi3583
ecbl0500
ecbl0600
ecbl0700
ecbl0800
ecbl0900
ecbl1000
ecbl1095
ecbl1200
ecbl1440
ecbl1728
ecbl2074
ecbl2488
ecbl2986
ecbl3583
ecbm0500
ecbm0600
ecbm0700
ecbm0800
ecbm0900
ecbm1000
ecbm1095
ecbm1200
ecbm1440
ecbm1728
ecbm2074
ecbm2488
ecbm2986
ecbm3583
ecbx0500
ecbx0600
ecbx0700
ecbx0800
ecbx0900
ecbx1000
ecbx1095
ecbx1200
ecbx1440
ecbx1728
ecbx2074
ecbx2488
ecbx2986
ecbx3583
eccc0500
eccc0600
eccc0700
eccc0800
eccc0900
eccc1000
eccc1095
eccc1200
eccc1440
eccc1728
eccc2074
eccc2488
eccc2986
eccc3583
ecci0500
ecci0600
ecci0700
ecci0800
ecci0900
ecci1000
ecci1095
ecci1200
ecci1440
ecci1728
ecci2074
ecci2488
ecci2986
ecci3583
ecdh0500
ecdh0600
ecdh0700
ecdh0800
ecdh0900
ecdh1000
ecdh1095
ecdh1200
ecdh1440
ecdh1728
ecdh2074
ecdh2488
ecdh2986
ecdh3583
ecfb0500
ecfb0600
ecfb0700
ecfb0800
ecfb0900
ecfb1000
ecfb1095
ecfb1200
ecfb1440
ecfb1728
ecfb2074
ecfb2488
ecfb2986
ecfb3583
ecff0500
ecff0600
ecff0700
ecff0800
ecff0900
ecff1000
ecff1095
ecff1200
ecff1440
ecff1728
ecff2074
ecff2488
ecff2986
ecff3583
ecfi0500
ecfi0600
ecfi0700
ecfi0800
ecfi0900
ecfi1000
ecfi1095
ecfi1200
ecfi1440
ecfi1728
ecfi2074
ecfi2488
ecfi2986
ecfi3583
ecfs0500
ecfs0600
ecfs0700
ecfs0800
ecfs0900
ecfs1000
ecfs1095
ecfs1200
ecfs1440
ecfs1728
ecfs2074
ecfs2488
ecfs2986
ecfs3583
ecit0800
ecit0900
ecit1000
ecit1095
ecit1200
ecit1440
ecit1728
ecit2074
ecit2488
ecit2986
ecit3583
eclb8
ecli8
eclo8
eclq8
ecltt8
ecoc0500
ecoc0600
ecoc0700
ecoc0800
ecoc0900
ecoc1000
ecoc1095
ecoc1200
ecoc1440
ecoc1728
ecoc2074
ecoc2488
ecoc2986
ecoc3583
ecqi8
ecrb0500
ecrb0600
ecrb0700
ecrb0800
ecrb0900
ecrb1000
ecrb1095
ecrb1200
ecrb1440
ecrb1728
ecrb2074
ecrb2488
ecrb2986
ecrb3583
ecrm0500
ecrm0600
ecrm0700
ecrm0800
ecrm0900
ecrm1000
ecrm1095
ecrm1200
ecrm1440
ecrm1728
ecrm2074
ecrm2488
ecrm2986
ecrm3583
ecsc0500
ecsc0600
ecsc0700
ecsc0800
ecsc0900
ecsc1000
ecsc1095
ecsc1200
ecsc1440
ecsc1728
ecsc2074
ecsc2488
ecsc2986
ecsc3583
ecsi0500
ecsi0600
ecsi0700
ecsi0800
ecsi0900
ecsi1000
ecsi1095
ecsi1200
ecsi1440
ecsi1728
ecsi2074
ecsi2488
ecsi2986
ecsi3583
ecsl0500
ecsl0600
ecsl0700
ecsl0800
ecsl0900
ecsl1000
ecsl1095
ecsl1200
ecsl1440
ecsl1728
ecsl2074
ecsl2488
ecsl2986
ecsl3583
ecso0500
ecso0600
ecso0700
ecso0800
ecso0900
ecso1000
ecso1095
ecso1200
ecso1440
ecso1728
ecso2074
ecso2488
ecso2986
ecso3583
ecsq8
ecss0500
ecss0600
ecss0700
ecss0800
ecss0900
ecss1000
ecss1095
ecss1200
ecss1440
ecss1728
ecss2074
ecss2488
ecss2986
ecss3583
ecssdc10
ecst0800
ecst0900
ecst1000
ecst1095
ecst1200
ecst1440
ecst1728
ecst2074
ecst2488
ecst2986
ecst3583
ecsx0500
ecsx0600
ecsx0700
ecsx0800
ecsx0900
ecsx1000
ecsx1095
ecsx1200
ecsx1440
ecsx1728
ecsx2074
ecsx2488
ecsx2986
ecsx3583
ectc0800
ectc0900
ectc1000
ectc1095
ectc1200
ectc1440
ectc1728
ectc2074
ectc2488
ectc2986
ectc3583
ecti0500
ecti0600
ecti0700
ecti0800
ecti0900
ecti1000
ecti1095
ecti1200
ecti1440
ecti1728
ecti2074
ecti2488
ecti2986
ecti3583
ectt0800
ectt0900
ectt1000
ectt1095
ectt1200
ectt1440
ectt1728
ectt2074
ectt2488
ectt2986
ectt3583
ecui0500
ecui0600
ecui0700
ecui0800
ecui0900
ecui1000
ecui1095
ecui1200
ecui1440
ecui1728
ecui2074
ecui2488
ecui2986
ecui3583
ecvi0800
ecvi0900
ecvi1000
ecvi1095
ecvi1200
ecvi1440
ecvi1728
ecvi2074
ecvi2488
ecvi2986
ecvi3583
ecvt0800
ecvt0900
ecvt1000
ecvt1095
ecvt1200
ecvt1440
ecvt1728
ecvt2074
ecvt2488
ecvt2986
ecvt3583
ecxc0500
ecxc0600
ecxc0700
ecxc0800
ecxc0900
ecxc1000
ecxc1095
ecxc1200
ecxc1440
ecxc1728
ecxc2074
ecxc2488
ecxc2986
ecxc3583
eocc10
eorm10
eorm5
eorm6
eorm7
eorm8
eorm9
eosl10
eosl5
eosl6
eosl7
eosl8
eosl9
eoti10
ieclb8
iecli8
ieclo8
ieclq8
iecltt8

/usr/share/texmf-dist/fonts/map/dvips/cm-super/cm-super-t2a.map:
ilalb8
ilali8
ilalo8
ilalq8
ilaltt8
labbx10
labi0500
labi0600
labi0700
labi0800
labi0900
labi1000
labi1095
labi1200
labi1440
labi1728
labi2074
labi2488
labi2986
labi3583
labl0500
labl0600
labl0700
labl0800
labl0900
labl1000
labl1095
labl1200
labl1440
labl1728
labl2074
labl2488
labl2986
labl3583
labm0500
labm0600
labm0700
labm0800
labm0900
labm1000
labm1095
labm1200
labm1440
labm1728
labm2074
labm2488
labm2986
labm3583
labmo10
labmo17
labmo8
labmo9
labmr10
labmr17
labmr8
labmr9
labso10
labso17
labso8
labso9
labsr10
labsr17
labsr8
labsr9
labtl10
labto10
labx0500
labx0600
labx0700
labx0800
labx0900
labx1000
labx1095
labx1200
labx1440
labx1728
labx2074
labx2488
labx2986
labx3583
lacc0500
lacc0600
lacc0700
lacc0800
lacc0900
lacc1000
lacc1095
lacc1200
lacc1440
lacc1728
lacc2074
lacc2488
lacc2986
lacc3583
laci0500
laci0600
laci0700
laci0800
laci0900
laci1000
laci1095
laci1200
laci1440
laci1728
laci2074
laci2488
laci2986
laci3583
ladh0500
ladh0600
ladh0700
ladh0800
ladh0900
ladh1000
ladh1095
ladh1200
ladh1440
ladh1728
ladh2074
ladh2488
ladh2986
ladh3583
lafb0500
lafb0600
lafb0700
lafb0800
lafb0900
lafb1000
lafb1095
lafb1200
lafb1440
lafb1728
lafb2074
lafb2488
lafb2986
lafb3583
laff0500
laff0600
laff0700
laff0800
laff0900
laff1000
laff1095
laff1200
laff1440
laff1728
laff2074
laff2488
laff2986
laff3583
lafi0500
lafi0600
lafi0700
lafi0800
lafi0900
lafi1000
lafi1095
lafi1200
lafi1440
lafi1728
lafi2074
lafi2488
lafi2986
lafi3583
lafs0500
lafs0600
lafs0700
lafs0800
lafs0900
lafs1000
lafs1095
lafs1200
lafs1440
lafs1728
lafs2074
lafs2488
lafs2986
lafs3583
lait0800
lait0900
lait1000
lait1095
lait1200
lait1440
lait1728
lait2074
lait2488
lait2986
lait3583
lalb8
lali8
lalo8
lalq8
laltt8
laoc0500
laoc0600
laoc0700
laoc0800
laoc0900
laoc1000
laoc1095
laoc1200
laoc1440
laoc1728
laoc2074
laoc2488
laoc2986
laoc3583
laocc10
laorm10
laorm5
laorm6
laorm7
laorm8
laorm9
laosl10
laosl5
laosl6
laosl7
laosl8
laosl9
laoti10
laqi8
larb0500
larb0600
larb0700
larb0800
larb0900
larb1000
larb1095
larb1200
larb1440
larb1728
larb2074
larb2488
larb2986
larb3583
larm0500
larm0600
larm0700
larm0800
larm0900
larm1000
larm1095
larm1200
larm1440
larm1728
larm2074
larm2488
larm2986
larm3583
lasc0500
lasc0600
lasc0700
lasc0800
lasc0900
lasc1000
lasc1095
lasc1200
lasc1440
lasc1728
lasc2074
lasc2488
lasc2986
lasc3583
lasi0500
lasi0600
lasi0700
lasi0800
lasi0900
lasi1000
lasi1095
lasi1200
lasi1440
lasi1728
lasi2074
lasi2488
lasi2986
lasi3583
lasl0500
lasl0600
lasl0700
lasl0800
lasl0900
lasl1000
lasl1095
lasl1200
lasl1440
lasl1728
lasl2074
lasl2488
lasl2986
lasl3583
laso0500
laso0600
laso0700
laso0800
laso0900
laso1000
laso1095
laso1200
laso1440
laso1728
laso2074
laso2488
laso2986
laso3583
lasq8
lass0500
lass0600
lass0700
lass0800
lass0900
lass1000
lass1095
lass1200
lass1440
lass1728
lass2074
lass2488
lass2986
lass3583
lassdc10
last0800
last0900
last1000
last1095
last1200
last1440
last1728
last2074
last2488
last2986
last3583
lasx0500
lasx0600
lasx0700
lasx0800
lasx0900
lasx1000
lasx1095
lasx1200
lasx1440
lasx1728
lasx2074
lasx2488
lasx2986
lasx3583
latc0800
latc0900
latc1000
latc1095
latc1200
latc1440
latc1728
latc2074
latc2488
latc2986
latc3583
lati0500
lati0600
lati0700
lati0800
lati0900
lati1000
lati1095
lati1200
lati1440
lati1728
lati2074
lati2488
lati2986
lati3583
latt0800
latt0900
latt1000
latt1095
latt1200
latt1440
latt1728
latt2074
latt2488
latt2986
latt3583
laui0500
laui0600
laui0700
laui0800
laui0900
laui1000
laui1095
laui1200
laui1440
laui1728
laui2074
laui2488
laui2986
laui3583
lavi0800
lavi0900
lavi1000
lavi1095
lavi1200
lavi1440
lavi1728
lavi2074
lavi2488
lavi2986
lavi3583
lavt0800
lavt0900
lavt1000
lavt1095
lavt1200
lavt1440
lavt1728
lavt2074
lavt2488
lavt2986
lavt3583
laxc0500
laxc0600
laxc0700
laxc0800
laxc0900
laxc1000
laxc1095
laxc1200
laxc1440
laxc1728
laxc2074
laxc2488
laxc2986
laxc3583

/usr/share/texmf-dist/fonts/map/dvips/cm-super/cm-super-t2b.map:
ilblb8
ilbli8
ilblo8
ilblq8
ilbltt8
lbbbx10
lbbi0500
lbbi0600
lbbi0700
lbbi0800
lbbi0900
lbbi1000
lbbi1095
lbbi1200
lbbi1440
lbbi1728
lbbi2074
lbbi2488
lbbi2986
lbbi3583
lbbl0500
lbbl0600
lbbl0700
lbbl0800
lbbl0900
lbbl1000
lbbl1095
lbbl1200
lbbl1440
lbbl1728
lbbl2074
lbbl2488
lbbl2986
lbbl3583
lbbm0500
lbbm0600
lbbm0700
lbbm0800
lbbm0900
lbbm1000
lbbm1095
lbbm1200
lbbm1440
lbbm1728
lbbm2074
lbbm2488
lbbm2986
lbbm3583
lbbmo10
lbbmo17
lbbmo8
lbbmo9
lbbmr10
lbbmr17
lbbmr8
lbbmr9
lbbso10
lbbso17
lbbso8
lbbso9
lbbsr10
lbbsr17
lbbsr8
lbbsr9
lbbtl10
lbbto10
lbbx0500
lbbx0600
lbbx0700
lbbx0800
lbbx0900
lbbx1000
lbbx1095
lbbx1200
lbbx1440
lbbx1728
lbbx2074
lbbx2488
lbbx2986
lbbx3583
lbcc0500
lbcc0600
lbcc0700
lbcc0800
lbcc0900
lbcc1000
lbcc1095
lbcc1200
lbcc1440
lbcc1728
lbcc2074
lbcc2488
lbcc2986
lbcc3583
lbci0500
lbci0600
lbci0700
lbci0800
lbci0900
lbci1000
lbci1095
lbci1200
lbci1440
lbci1728
lbci2074
lbci2488
lbci2986
lbci3583
lbdh0500
lbdh0600
lbdh0700
lbdh0800
lbdh0900
lbdh1000
lbdh1095
lbdh1200
lbdh1440
lbdh1728
lbdh2074
lbdh2488
lbdh2986
lbdh3583
lbfb0500
lbfb0600
lbfb0700
lbfb0800
lbfb0900
lbfb1000
lbfb1095
lbfb1200
lbfb1440
lbfb1728
lbfb2074
lbfb2488
lbfb2986
lbfb3583
lbff0500
lbff0600
lbff0700
lbff0800
lbff0900
lbff1000
lbff1095
lbff1200
lbff1440
lbff1728
lbff2074
lbff2488
lbff2986
lbff3583
lbfi0500
lbfi0600
lbfi0700
lbfi0800
lbfi0900
lbfi1000
lbfi1095
lbfi1200
lbfi1440
lbfi1728
lbfi2074
lbfi2488
lbfi2986
lbfi3583
lbfs0500
lbfs0600
lbfs0700
lbfs0800
lbfs0900
lbfs1000
lbfs1095
lbfs1200
lbfs1440
lbfs1728
lbfs2074
lbfs2488
lbfs2986
lbfs3583
lbit0800
lbit0900
lbit1000
lbit1095
lbit1200
lbit1440
lbit1728
lbit2074
lbit2488
lbit2986
lbit3583
lblb8
lbli8
lblo8
lblq8
lbltt8
lboc0500
lboc0600
lboc0700
lboc0800
lboc0900
lboc1000
lboc1095
lboc1200
lboc1440
lboc1728
lboc2074
lboc2488
lboc2986
lboc3583
lbocc10
lborm10
lborm5
lborm6
lborm7
lborm8
lborm9
lbosl10
lbosl5
lbosl6
lbosl7
lbosl8
lbosl9
lboti10
lbqi8
lbrb0500
lbrb0600
lbrb0700
lbrb0800
lbrb0900
lbrb1000
lbrb1095
lbrb1200
lbrb1440
lbrb1728
lbrb2074
lbrb2488
lbrb2986
lbrb3583
lbrm0500
lbrm0600
lbrm0700
lbrm0800
lbrm0900
lbrm1000
lbrm1095
lbrm1200
lbrm1440
lbrm1728
lbrm2074
lbrm2488
lbrm2986
lbrm3583
lbsc0500
lbsc0600
lbsc0700
lbsc0800
lbsc0900
lbsc1000
lbsc1095
lbsc1200
lbsc1440
lbsc1728
lbsc2074
lbsc2488
lbsc2986
lbsc3583
lbsi0500
lbsi0600
lbsi0700
lbsi0800
lbsi0900
lbsi1000
lbsi1095
lbsi1200
lbsi1440
lbsi1728
lbsi2074
lbsi2488
lbsi2986
lbsi3583
lbsl0500
lbsl0600
lbsl0700
lbsl0800
lbsl0900
lbsl1000
lbsl1095
lbsl1200
lbsl1440
lbsl1728
lbsl2074
lbsl2488
lbsl2986
lbsl3583
lbso0500
lbso0600
lbso0700
lbso0800
lbso0900
lbso1000
lbso1095
lbso1200
lbso1440
lbso1728
lbso2074
lbso2488
lbso2986
lbso3583
lbsq8
lbss0500
lbss0600
lbss0700
lbss0800
lbss0900
lbss1000
lbss1095
lbss1200
lbss1440
lbss1728
lbss2074
lbss2488
lbss2986
lbss3583
lbssdc10
lbst0800
lbst0900
lbst1000
lbst1095
lbst1200
lbst1440
lbst1728
lbst2074
lbst2488
lbst2986
lbst3583
lbsx0500
lbsx0600
lbsx0700
lbsx0800
lbsx0900
lbsx1000
lbsx1095
lbsx1200
lbsx1440
lbsx1728
lbsx2074
lbsx2488
lbsx2986
lbsx3583
lbtc0800
lbtc0900
lbtc1000
lbtc1095
lbtc1200
lbtc1440
lbtc1728
lbtc2074
lbtc2488
lbtc2986
lbtc3583
lbti0500
lbti0600
lbti0700
lbti0800
lbti0900
lbti1000
lbti1095
lbti1200
lbti1440
lbti1728
lbti2074
lbti2488
lbti2986
lbti3583
lbtt0800
lbtt0900
lbtt1000
lbtt1095
lbtt1200
lbtt1440
lbtt1728
lbtt2074
lbtt2488
lbtt2986
lbtt3583
lbui0500
lbui0600
lbui0700
lbui0800
lbui0900
lbui1000
lbui1095
lbui1200
lbui1440
lbui1728
lbui2074
lbui2488
lbui2986
lbui3583
lbvi0800
lbvi0900
lbvi1000
lbvi1095
lbvi1200
lbvi1440
lbvi1728
lbvi2074
lbvi2488
lbvi2986
lbvi3583
lbvt0800
lbvt0900
lbvt1000
lbvt1095
lbvt1200
lbvt1440
lbvt1728
lbvt2074
lbvt2488
lbvt2986
lbvt3583
lbxc0500
lbxc0600
lbxc0700
lbxc0800
lbxc0900
lbxc1000
lbxc1095
lbxc1200
lbxc1440
lbxc1728
lbxc2074
lbxc2488
lbxc2986
lbxc3583

/usr/share/texmf-dist/fonts/map/dvips/cm-super/cm-super-t2c.map:
ilclb8
ilcli8
ilclo8
ilclq8
ilcltt8
lcbbx10
lcbi0500
lcbi0600
lcbi0700
lcbi0800
lcbi0900
lcbi1000
lcbi1095
lcbi1200
lcbi1440
lcbi1728
lcbi2074
lcbi2488
lcbi2986
lcbi3583
lcbl0500
lcbl0600
lcbl0700
lcbl0800
lcbl0900
lcbl1000
lcbl1095
lcbl1200
lcbl1440
lcbl1728
lcbl2074
lcbl2488
lcbl2986
lcbl3583
lcbm0500
lcbm0600
lcbm0700
lcbm0800
lcbm0900
lcbm1000
lcbm1095
lcbm1200
lcbm1440
lcbm1728
lcbm2074
lcbm2488
lcbm2986
lcbm3583
lcbmo10
lcbmo17
lcbmo8
lcbmo9
lcbmr10
lcbmr17
lcbmr8
lcbmr9
lcbso10
lcbso17
lcbso8
lcbso9
lcbsr10
lcbsr17
lcbsr8
lcbsr9
lcbtl10
lcbto10
lcbx0500
lcbx0600
lcbx0700
lcbx0800
lcbx0900
lcbx1000
lcbx1095
lcbx1200
lcbx1440
lcbx1728
lcbx2074
lcbx2488
lcbx2986
lcbx3583
lccc0500
lccc0600
lccc0700
lccc0800
lccc0900
lccc1000
lccc1095
lccc1200
lccc1440
lccc1728
lccc2074
lccc2488
lccc2986
lccc3583
lcci0500
lcci0600
lcci0700
lcci0800
lcci0900
lcci1000
lcci1095
lcci1200
lcci1440
lcci1728
lcci2074
lcci2488
lcci2986
lcci3583
lcdh0500
lcdh0600
lcdh0700
lcdh0800
lcdh0900
lcdh1000
lcdh1095
lcdh1200
lcdh1440
lcdh1728
lcdh2074
lcdh2488
lcdh2986
lcdh3583
lcfb0500
lcfb0600
lcfb0700
lcfb0800
lcfb0900
lcfb1000
lcfb1095
lcfb1200
lcfb1440
lcfb1728
lcfb2074
lcfb2488
lcfb2986
lcfb3583
lcff0500
lcff0600
lcff0700
lcff0800
lcff0900
lcff1000
lcff1095
lcff1200
lcff1440
lcff1728
lcff2074
lcff2488
lcff2986
lcff3583
lcfi0500
lcfi0600
lcfi0700
lcfi0800
lcfi0900
lcfi1000
lcfi1095
lcfi1200
lcfi1440
lcfi1728
lcfi2074
lcfi2488
lcfi2986
lcfi3583
lcfs0500
lcfs0600
lcfs0700
lcfs0800
lcfs0900
lcfs1000
lcfs1095
lcfs1200
lcfs1440
lcfs1728
lcfs2074
lcfs2488
lcfs2986
lcfs3583
lcit0800
lcit0900
lcit1000
lcit1095
lcit1200
lcit1440
lcit1728
lcit2074
lcit2488
lcit2986
lcit3583
lclb8
lcli8
lclo8
lclq8
lcltt8
lcoc0500
lcoc0600
lcoc0700
lcoc0800
lcoc0900
lcoc1000
lcoc1095
lcoc1200
lcoc1440
lcoc1728
lcoc2074
lcoc2488
lcoc2986
lcoc3583
lcocc10
lcorm10
lcorm5
lcorm6
lcorm7
lcorm8
lcorm9
lcosl10
lcosl5
lcosl6
lcosl7
lcosl8
lcosl9
lcoti10
lcqi8
lcrb0500
lcrb0600
lcrb0700
lcrb0800
lcrb0900
lcrb1000
lcrb1095
lcrb1200
lcrb1440
lcrb1728
lcrb2074
lcrb2488
lcrb2986
lcrb3583
lcrm0500
lcrm0600
lcrm0700
lcrm0800
lcrm0900
lcrm1000
lcrm1095
lcrm1200
lcrm1440
lcrm1728
lcrm2074
lcrm2488
lcrm2986
lcrm3583
lcsc0500
lcsc0600
lcsc0700
lcsc0800
lcsc0900
lcsc1000
lcsc1095
lcsc1200
lcsc1440
lcsc1728
lcsc2074
lcsc2488
lcsc2986
lcsc3583
lcsi0500
lcsi0600
lcsi0700
lcsi0800
lcsi0900
lcsi1000
lcsi1095
lcsi1200
lcsi1440
lcsi1728
lcsi2074
lcsi2488
lcsi2986
lcsi3583
lcsl0500
lcsl0600
lcsl0700
lcsl0800
lcsl0900
lcsl1000
lcsl1095
lcsl1200
lcsl1440
lcsl1728
lcsl2074
lcsl2488
lcsl2986
lcsl3583
lcso0500
lcso0600
lcso0700
lcso0800
lcso0900
lcso1000
lcso1095
lcso1200
lcso1440
lcso1728
lcso2074
lcso2488
lcso2986
lcso3583
lcsq8
lcss0500
lcss0600
lcss0700
lcss0800
lcss0900
lcss1000
lcss1095
lcss1200
lcss1440
lcss1728
lcss2074
lcss2488
lcss2986
lcss3583
lcssdc10
lcst0800
lcst0900
lcst1000
lcst1095
lcst1200
lcst1440
lcst1728
lcst2074
lcst2488
lcst2986
lcst3583
lcsx0500
lcsx0600
lcsx0700
lcsx0800
lcsx0900
lcsx1000
lcsx1095
lcsx1200
lcsx1440
lcsx1728
lcsx2074
lcsx2488
lcsx2986
lcsx3583
lctc0800
lctc0900
lctc1000
lctc1095
lctc1200
lctc1440
lctc1728
lctc2074
lctc2488
lctc2986
lctc3583
lcti0500
lcti0600
lcti0700
lcti0800
lcti0900
lcti1000
lcti1095
lcti1200
lcti1440
lcti1728
lcti2074
lcti2488
lcti2986
lcti3583
lctt0800
lctt0900
lctt1000
lctt1095
lctt1200
lctt1440
lctt1728
lctt2074
lctt2488
lctt2986
lctt3583
lcui0500
lcui0600
lcui0700
lcui0800
lcui0900
lcui1000
lcui1095
lcui1200
lcui1440
lcui1728
lcui2074
lcui2488
lcui2986
lcui3583
lcvi0800
lcvi0900
lcvi1000
lcvi1095
lcvi1200
lcvi1440
lcvi1728
lcvi2074
lcvi2488
lcvi2986
lcvi3583
lcvt0800
lcvt0900
lcvt1000
lcvt1095
lcvt1200
lcvt1440
lcvt1728
lcvt2074
lcvt2488
lcvt2986
lcvt3583
lcxc0500
lcxc0600
lcxc0700
lcxc0800
lcxc0900
lcxc1000
lcxc1095
lcxc1200
lcxc1440
lcxc1728
lcxc2074
lcxc2488
lcxc2986
lcxc3583

/usr/share/texmf-dist/fonts/map/dvips/cm-super/cm-super-ts1.map:
itclb8
itcli8
itclo8
itclq8
itcltt8
tbbx10
tbmo10
tbmo17
tbmo8
tbmo9
tbmr10
tbmr17
tbmr8
tbmr9
tbso10
tbso17
tbso8
tbso9
tbsr10
tbsr17
tbsr8
tbsr9
tbtl10
tbto10
tcbi0500
tcbi0600
tcbi0700
tcbi0800
tcbi0900
tcbi1000
tcbi1095
tcbi1200
tcbi1440
tcbi1728
tcbi2074
tcbi2488
tcbi2986
tcbi3583
tcbl0500
tcbl0600
tcbl0700
tcbl0800
tcbl0900
tcbl1000
tcbl1095
tcbl1200
tcbl1440
tcbl1728
tcbl2074
tcbl2488
tcbl2986
tcbl3583
tcbm0500
tcbm0600
tcbm0700
tcbm0800
tcbm0900
tcbm1000
tcbm1095
tcbm1200
tcbm1440
tcbm1728
tcbm2074
tcbm2488
tcbm2986
tcbm3583
tcbx0500
tcbx0600
tcbx0700
tcbx0800
tcbx0900
tcbx1000
tcbx1095
tcbx1200
tcbx1440
tcbx1728
tcbx2074
tcbx2488
tcbx2986
tcbx3583
tcci0500
tcci0600
tcci0700
tcci0800
tcci0900
tcci1000
tcci1095
tcci1200
tcci1440
tcci1728
tcci2074
tcci2488
tcci2986
tcci3583
tcdh0500
tcdh0600
tcdh0700
tcdh0800
tcdh0900
tcdh1000
tcdh1095
tcdh1200
tcdh1440
tcdh1728
tcdh2074
tcdh2488
tcdh2986
tcdh3583
tcfb0500
tcfb0600
tcfb0700
tcfb0800
tcfb0900
tcfb1000
tcfb1095
tcfb1200
tcfb1440
tcfb1728
tcfb2074
tcfb2488
tcfb2986
tcfb3583
tcff0500
tcff0600
tcff0700
tcff0800
tcff0900
tcff1000
tcff1095
tcff1200
tcff1440
tcff1728
tcff2074
tcff2488
tcff2986
tcff3583
tcfi0500
tcfi0600
tcfi0700
tcfi0800
tcfi0900
tcfi1000
tcfi1095
tcfi1200
tcfi1440
tcfi1728
tcfi2074
tcfi2488
tcfi2986
tcfi3583
tcfs0500
tcfs0600
tcfs0700
tcfs0800
tcfs0900
tcfs1000
tcfs1095
tcfs1200
tcfs1440
tcfs1728
tcfs2074
tcfs2488
tcfs2986
tcfs3583
tcit0800
tcit0900
tcit1000
tcit1095
tcit1200
tcit1440
tcit1728
tcit2074
tcit2488
tcit2986
tcit3583
tclb8
tcli8
tclo8
tclq8
tcltt8
tcqi8
tcrb0500
tcrb0600
tcrb0700
tcrb0800
tcrb0900
tcrb1000
tcrb1095
tcrb1200
tcrb1440
tcrb1728
tcrb2074
tcrb2488
tcrb2986
tcrb3583
tcrm0500
tcrm0600
tcrm0700
tcrm0800
tcrm0900
tcrm1000
tcrm1095
tcrm1200
tcrm1440
tcrm1728
tcrm2074
tcrm2488
tcrm2986
tcrm3583
tcsi0500
tcsi0600
tcsi0700
tcsi0800
tcsi0900
tcsi1000
tcsi1095
tcsi1200
tcsi1440
tcsi1728
tcsi2074
tcsi2488
tcsi2986
tcsi3583
tcsl0500
tcsl0600
tcsl0700
tcsl0800
tcsl0900
tcsl1000
tcsl1095
tcsl1200
tcsl1440
tcsl1728
tcsl2074
tcsl2488
tcsl2986
tcsl3583
tcso0500
tcso0600
tcso0700
tcso0800
tcso0900
tcso1000
tcso1095
tcso1200
tcso1440
tcso1728
tcso2074
tcso2488
tcso2986
tcso3583
tcsq8
tcss0500
tcss0600
tcss0700
tcss0800
tcss0900
tcss1000
tcss1095
tcss1200
tcss1440
tcss1728
tcss2074
tcss2488
tcss2986
tcss3583
tcssdc10
tcst0800
tcst0900
tcst1000
tcst1095
tcst1200
tcst1440
tcst1728
tcst2074
tcst2488
tcst2986
tcst3583
tcsx0500
tcsx0600
tcsx0700
tcsx0800
tcsx0900
tcsx1000
tcsx1095
tcsx1200
tcsx1440
tcsx1728
tcsx2074
tcsx2488
tcsx2986
tcsx3583
tcti0500
tcti0600
tcti0700
tcti0800
tcti0900
tcti1000
tcti1095
tcti1200
tcti1440
tcti1728
tcti2074
tcti2488
tcti2986
tcti3583
tctt0800
tctt0900
tctt1000
tctt1095
tctt1200
tctt1440
tctt1728
tctt2074
tctt2488
tctt2986
tctt3583
tcui0500
tcui0600
tcui0700
tcui0800
tcui0900
tcui1000
tcui1095
tcui1200
tcui1440
tcui1728
tcui2074
tcui2488
tcui2986
tcui3583
tcvi0800
tcvi0900
tcvi1000
tcvi1095
tcvi1200
tcvi1440
tcvi1728
tcvi2074
tcvi2488
tcvi2986
tcvi3583
tcvt0800
tcvt0900
tcvt1000
tcvt1095
tcvt1200
tcvt1440
tcvt1728
tcvt2074
tcvt2488
tcvt2986
tcvt3583
torm10
torm5
torm6
torm7
torm8
torm9
tosl10
tosl5
tosl6
tosl7
tosl8
tosl9
toti10

/usr/share/texmf-dist/fonts/map/dvips/cm-super/cm-super-x2.map:
irxlb8
irxli8
irxlo8
irxlq8
irxltt8
rxbbx10
rxbi0500
rxbi0600
rxbi0700
rxbi0800
rxbi0900
rxbi1000
rxbi1095
rxbi1200
rxbi1440
rxbi1728
rxbi2074
rxbi2488
rxbi2986
rxbi3583
rxbl0500
rxbl0600
rxbl0700
rxbl0800
rxbl0900
rxbl1000
rxbl1095
rxbl1200
rxbl1440
rxbl1728
rxbl2074
rxbl2488
rxbl2986
rxbl3583
rxbm0500
rxbm0600
rxbm0700
rxbm0800
rxbm0900
rxbm1000
rxbm1095
rxbm1200
rxbm1440
rxbm1728
rxbm2074
rxbm2488
rxbm2986
rxbm3583
rxbmo10
rxbmo17
rxbmo8
rxbmo9
rxbmr10
rxbmr17
rxbmr8
rxbmr9
rxbso10
rxbso17
rxbso8
rxbso9
rxbsr10
rxbsr17
rxbsr8
rxbsr9
rxbtl10
rxbto10
rxbx0500
rxbx0600
rxbx0700
rxbx0800
rxbx0900
rxbx1000
rxbx1095
rxbx1200
rxbx1440
rxbx1728
rxbx2074
rxbx2488
rxbx2986
rxbx3583
rxcc0500
rxcc0600
rxcc0700
rxcc0800
rxcc0900
rxcc1000
rxcc1095
rxcc1200
rxcc1440
rxcc1728
rxcc2074
rxcc2488
rxcc2986
rxcc3583
rxci0500
rxci0600
rxci0700
rxci0800
rxci0900
rxci1000
rxci1095
rxci1200
rxci1440
rxci1728
rxci2074
rxci2488
rxci2986
rxci3583
rxdh0500
rxdh0600
rxdh0700
rxdh0800
rxdh0900
rxdh1000
rxdh1095
rxdh1200
rxdh1440
rxdh1728
rxdh2074
rxdh2488
rxdh2986
rxdh3583
rxfb0500
rxfb0600
rxfb0700
rxfb0800
rxfb0900
rxfb1000
rxfb1095
rxfb1200
rxfb1440
rxfb1728
rxfb2074
rxfb2488
rxfb2986
rxfb3583
rxff0500
rxff0600
rxff0700
rxff0800
rxff0900
rxff1000
rxff1095
rxff1200
rxff1440
rxff1728
rxff2074
rxff2488
rxff2986
rxff3583
rxfi0500
rxfi0600
rxfi0700
rxfi0800
rxfi0900
rxfi1000
rxfi1095
rxfi1200
rxfi1440
rxfi1728
rxfi2074
rxfi2488
rxfi2986
rxfi3583
rxfs0500
rxfs0600
rxfs0700
rxfs0800
rxfs0900
rxfs1000
rxfs1095
rxfs1200
rxfs1440
rxfs1728
rxfs2074
rxfs2488
rxfs2986
rxfs3583
rxit0800
rxit0900
rxit1000
rxit1095
rxit1200
rxit1440
rxit1728
rxit2074
rxit2488
rxit2986
rxit3583
rxlb8
rxli8
rxlo8
rxlq8
rxltt8
rxoc0500
rxoc0600
rxoc0700
rxoc0800
rxoc0900
rxoc1000
rxoc1095
rxoc1200
rxoc1440
rxoc1728
rxoc2074
rxoc2488
rxoc2986
rxoc3583
rxocc10
rxorm10
rxorm5
rxorm6
rxorm7
rxorm8
rxorm9
rxosl10
rxosl5
rxosl6
rxosl7
rxosl8
rxosl9
rxoti10
rxqi8
rxrb0500
rxrb0600
rxrb0700
rxrb0800
rxrb0900
rxrb1000
rxrb1095
rxrb1200
rxrb1440
rxrb1728
rxrb2074
rxrb2488
rxrb2986
rxrb3583
rxrm0500
rxrm0600
rxrm0700
rxrm0800
rxrm0900
rxrm1000
rxrm1095
rxrm1200
rxrm1440
rxrm1728
rxrm2074
rxrm2488
rxrm2986
rxrm3583
rxsc0500
rxsc0600
rxsc0700
rxsc0800
rxsc0900
rxsc1000
rxsc1095
rxsc1200
rxsc1440
rxsc1728
rxsc2074
rxsc2488
rxsc2986
rxsc3583
rxsi0500
rxsi0600
rxsi0700
rxsi0800
rxsi0900
rxsi1000
rxsi1095
rxsi1200
rxsi1440
rxsi1728
rxsi2074
rxsi2488
rxsi2986
rxsi3583
rxsl0500
rxsl0600
rxsl0700
rxsl0800
rxsl0900
rxsl1000
rxsl1095
rxsl1200
rxsl1440
rxsl1728
rxsl2074
rxsl2488
rxsl2986
rxsl3583
rxso0500
rxso0600
rxso0700
rxso0800
rxso0900
rxso1000
rxso1095
rxso1200
rxso1440
rxso1728
rxso2074
rxso2488
rxso2986
rxso3583
rxsq8
rxss0500
rxss0600
rxss0700
rxss0800
rxss0900
rxss1000
rxss1095
rxss1200
rxss1440
rxss1728
rxss2074
rxss2488
rxss2986
rxss3583
rxssdc10
rxst0800
rxst0900
rxst1000
rxst1095
rxst1200
rxst1440
rxst1728
rxst2074
rxst2488
rxst2986
rxst3583
rxsx0500
rxsx0600
rxsx0700
rxsx0800
rxsx0900
rxsx1000
rxsx1095
rxsx1200
rxsx1440
rxsx1728
rxsx2074
rxsx2488
rxsx2986
rxsx3583
rxtc0800
rxtc0900
rxtc1000
rxtc1095
rxtc1200
rxtc1440
rxtc1728
rxtc2074
rxtc2488
rxtc2986
rxtc3583
rxti0500
rxti0600
rxti0700
rxti0800
rxti0900
rxti1000
rxti1095
rxti1200
rxti1440
rxti1728
rxti2074
rxti2488
rxti2986
rxti3583
rxtt0800
rxtt0900
rxtt1000
rxtt1095
rxtt1200
rxtt1440
rxtt1728
rxtt2074
rxtt2488
rxtt2986
rxtt3583
rxui0500
rxui0600
rxui0700
rxui0800
rxui0900
rxui1000
rxui1095
rxui1200
rxui1440
rxui1728
rxui2074
rxui2488
rxui2986
rxui3583
rxvi0800
rxvi0900
rxvi1000
rxvi1095
rxvi1200
rxvi1440
rxvi1728
rxvi2074
rxvi2488
rxvi2986
rxvi3583
rxvt0800
rxvt0900
rxvt1000
rxvt1095
rxvt1200
rxvt1440
rxvt1728
rxvt2074
rxvt2488
rxvt2986
rxvt3583
rxxc0500
rxxc0600
rxxc0700
rxxc0800
rxxc0900
rxxc1000
rxxc1095
rxxc1200
rxxc1440
rxxc1728
rxxc2074
rxxc2488
rxxc2986
rxxc3583

/usr/share/texmf-dist/fonts/map/dvips/amsfonts/cm.map:
cmb10
cmbsy10
cmbx10
cmbx12
cmbx5
cmbx6
cmbx7
cmbx8
cmbx9
cmbxsl10
cmbxti10
cmcsc10
cmdunh10
cmex10
cmex9
cmff10
cmfi10
cmfib8
cminch
cmitt10
cmmi10
cmmi12
cmmi5
cmmi6
cmmi7
cmmi8
cmmi9
cmmib10
cmr10
cmr12
cmr17
cmr5
cmr6
cmr7
cmr8
cmr9
cmsl10
cmsl12
cmsl8
cmsl9
cmsltt10
cmss10
cmss12
cmss17
cmss8
cmss9
cmssbx10
cmssdc10
cmssi10
cmssi12
cmssi17
cmssi8
cmssi9
cmssq8
cmssqi8
cmsy10
cmsy5
cmsy6
cmsy7
cmsy8
cmsy9
cmtcsc10
cmtex10
cmtex8
cmtex9
cmti10
cmti12
cmti7
cmti8
cmti9
cmtt10
cmtt12
cmtt8
cmtt9
cmu10
cmvtt10

/usr/share/texmf-dist/fonts/map/dvips/amsfonts/cmextra.map:
cmbsy5
cmbsy6
cmbsy7
cmbsy8
cmbsy9
cmcsc8
cmcsc9
cmex7
cmex8
cmmib5
cmmib6
cmmib7
cmmib8
cmmib9

/usr/share/texmf-dist/fonts/map/dvips/cm/cmtext-bsr-interpolated.map:
cmbxti12
cmbxti7
cmitt12
cmitt9
cmsl6
cmsltt9
cmssbxo10

/usr/share/texmf-dist/fonts/map/dvips/amsfonts/cyrillic.map:
wncyb10
wncyb5
wncyb6
wncyb7
wncyb8
wncyb9
wncyi10
wncyi5
wncyi6
wncyi7
wncyi8
wncyi9
wncyr10
wncyr5
wncyr6
wncyr7
wncyr8
wncyr9
wncysc10
wncyss10
wncyss8
wncyss9

/usr/share/texmf-dist/fonts/map/dvips/esint-type1/esint.map:
esint10

/usr/share/texmf-dist/fonts/map/dvips/eurosym/eurosym.map:
feybl10
feybo10
feybr10
feyml10
feymo10
feymr10

/usr/share/texmf-dist/fonts/map/dvips/amsfonts/latxfont.map:
lasy10
lasy5
lasy6
lasy7
lasy8
lasy9
lasyb10
lcircle10
lcirclew10
lcmss8
lcmssb8
lcmssi8
line10
linew10

/usr/share/texmf-dist/fonts/map/dvips/manfnt/manfnt.map:
manfnt

/usr/share/texmf-dist/fonts/map/dvips/mflogo/mflogo.map:
logo10
logo8
logo9
logobf10
logod10
logosl10
logosl8
logosl9

/usr/share/texmf-dist/fonts/map/dvips/rsfs/rsfs.map:
rsfs10
rsfs5
rsfs7

/usr/share/texmf-dist/fonts/map/dvips/stmaryrd/stmaryrd.map:
stmary10
stmary5
stmary6
stmary7
stmary8
stmary9

/usr/share/texmf-dist/fonts/map/dvips/amsfonts/symbols.map:
msam10
msam5
msam6
msam7
msam8
msam9
msbm10
msbm5
msbm6
msbm7
msbm8
msbm9

/usr/share/texmf-dist/fonts/map/dvips/tipa/tipa.map:
tipa10
tipa12
tipa17
tipa8
tipa9
tipab10
tipabs10
tipabx10
tipabx12
tipabx8
tipabx9
tipasb10
tipasi10
tipasl10
tipasl12
tipasl8
tipasl9
tipass10
tipass12
tipass17
tipass8
tipass9
tipats10
tipatt10
tipatt12
tipatt8
tipatt9
tipx10
tipx12
tipx17
tipx8
tipx9
tipxb10
tipxbs10
tipxbx10
tipxbx12
tipxbx8
tipxbx9
tipxsb10
tipxsi10
tipxsl10
tipxsl12
tipxsl8
tipxsl9
tipxss10
tipxss12
tipxss17
tipxss8
tipxss9
tipxts10
tipxtt10
tipxtt12
tipxtt8
tipxtt9
xipa10
xipab10
xipabs10
xipasb10
xipasi10
xipasl10
xipass10
xipx10
xipxb10
xipxbs10
xipxsb10
xipxsi10
xipxsl10
xipxss10

/usr/share/texmf-dist/fonts/map/dvips/wasy/wasy.map:
wasy10
wasy5
wasy6
wasy7
wasy8
wasy9
wasyb10

/usr/share/texmf-dist/fonts/map/dvips/xypic/xypic.map:
xyatip10
xybsql10
xybtip10
xycirc10
xycmat10
xycmat11
xycmat12
xycmbt10
xycmbt11
xycmbt12
xydash10
xyeuat10
xyeuat11
xyeuat12
xyeubt10
xyeubt11
xyeubt12
xyluat10
xyluat11
xyluat12
xylubt10
xylubt11
xylubt12

/usr/share/texmf-dist/fonts/map/dvips/yhmath/yhmath.map:
yrcmex10

/usr/share/texmf-dist/fonts/map/dvips/psnfss/charter.map:
bchb8r
bchbi8r
bchbo8r
bchr8r
bchri8r
bchro8r

/usr/share/texmf-dist/fonts/map/dvips/epiolmec/epiolmec.map:
EpiOlmec

/usr/share/texmf-dist/fonts/map/dvips/amsfonts/euler.map:
euex10
euex7
euex8
euex9
eufb10
eufb5
eufb6
eufb7
eufb8
eufb9
eufm10
eufm5
eufm6
eufm7
eufm8
eufm9
eurb10
eurb5
eurb6
eurb7
eurb8
eurb9
eurm10
eurm5
eurm6
eurm7
eurm8
eurm9
eusb10
eusb5
eusb6
eusb7
eusb8
eusb9
eusm10
eusm5
eusm6
eusm7
eusm8
eusm9

/usr/share/texmf-dist/fonts/map/dvips/psnfss/fpls.map:
pplbij8r
pplbj8r
pplrc8r
pplrij8r

/usr/share/texmf-dist/fonts/map/dvips/knitting/knitfont.map:
knitg_sc_in
knitg_sc_out
knitgg
knitgn
knitgp
knitn_sc_in
knitn_sc_out
knitnl
knitnn
knitnp
knitnr
knitw_sc_in
knitw_sc_out
knitwg
knitwn
knitwp

/usr/share/texmf-dist/fonts/map/dvips/lm/lm.map:
cs-lmb10
cs-lmbo10
cs-lmbx10
cs-lmbx12
cs-lmbx5
cs-lmbx6
cs-lmbx7
cs-lmbx8
cs-lmbx9
cs-lmbxi10
cs-lmbxo10
cs-lmcsc10
cs-lmcsco10
cs-lmdunh10
cs-lmduno10
cs-lmr10
cs-lmr12
cs-lmr17
cs-lmr5
cs-lmr6
cs-lmr7
cs-lmr8
cs-lmr9
cs-lmri10
cs-lmri12
cs-lmri7
cs-lmri8
cs-lmri9
cs-lmro10
cs-lmro12
cs-lmro17
cs-lmro8
cs-lmro9
cs-lmss10
cs-lmss12
cs-lmss17
cs-lmss8
cs-lmss9
cs-lmssbo10
cs-lmssbx10
cs-lmssdc10
cs-lmssdo10
cs-lmsso10
cs-lmsso12
cs-lmsso17
cs-lmsso8
cs-lmsso9
cs-lmssq8
cs-lmssqbo8
cs-lmssqbx8
cs-lmssqo8
cs-lmtcsc10
cs-lmtcso10
cs-lmtk10
cs-lmtko10
cs-lmtl10
cs-lmtlc10
cs-lmtlco10
cs-lmtlo10
cs-lmtt10
cs-lmtt12
cs-lmtt8
cs-lmtt9
cs-lmtti10
cs-lmtto10
cs-lmu10
cs-lmvtk10
cs-lmvtko10
cs-lmvtl10
cs-lmvtlo10
cs-lmvtt10
cs-lmvtto10
ec-lmb10
ec-lmbo10
ec-lmbx10
ec-lmbx12
ec-lmbx5
ec-lmbx6
ec-lmbx7
ec-lmbx8
ec-lmbx9
ec-lmbxi10
ec-lmbxo10
ec-lmcsc10
ec-lmcsco10
ec-lmdunh10
ec-lmduno10
ec-lmr10
ec-lmr12
ec-lmr17
ec-lmr5
ec-lmr6
ec-lmr7
ec-lmr8
ec-lmr9
ec-lmri10
ec-lmri12
ec-lmri7
ec-lmri8
ec-lmri9
ec-lmro10
ec-lmro12
ec-lmro17
ec-lmro8
ec-lmro9
ec-lmss10
ec-lmss12
ec-lmss17
ec-lmss8
ec-lmss9
ec-lmssbo10
ec-lmssbx10
ec-lmssdc10
ec-lmssdo10
ec-lmsso10
ec-lmsso12
ec-lmsso17
ec-lmsso8
ec-lmsso9
ec-lmssq8
ec-lmssqbo8
ec-lmssqbx8
ec-lmssqo8
ec-lmtcsc10
ec-lmtcso10
ec-lmtk10
ec-lmtko10
ec-lmtl10
ec-lmtlc10
ec-lmtlco10
ec-lmtlo10
ec-lmtt10
ec-lmtt12
ec-lmtt8
ec-lmtt9
ec-lmtti10
ec-lmtto10
ec-lmu10
ec-lmvtk10
ec-lmvtko10
ec-lmvtl10
ec-lmvtlo10
ec-lmvtt10
ec-lmvtto10
l7x-lmb10
l7x-lmbo10
l7x-lmbx10
l7x-lmbx12
l7x-lmbx5
l7x-lmbx6
l7x-lmbx7
l7x-lmbx8
l7x-lmbx9
l7x-lmbxi10
l7x-lmbxo10
l7x-lmcsc10
l7x-lmcsco10
l7x-lmdunh10
l7x-lmduno10
l7x-lmr10
l7x-lmr12
l7x-lmr17
l7x-lmr5
l7x-lmr6
l7x-lmr7
l7x-lmr8
l7x-lmr9
l7x-lmri10
l7x-lmri12
l7x-lmri7
l7x-lmri8
l7x-lmri9
l7x-lmro10
l7x-lmro12
l7x-lmro17
l7x-lmro8
l7x-lmro9
l7x-lmss10
l7x-lmss12
l7x-lmss17
l7x-lmss8
l7x-lmss9
l7x-lmssbo10
l7x-lmssbx10
l7x-lmssdc10
l7x-lmssdo10
l7x-lmsso10
l7x-lmsso12
l7x-lmsso17
l7x-lmsso8
l7x-lmsso9
l7x-lmssq8
l7x-lmssqbo8
l7x-lmssqbx8
l7x-lmssqo8
l7x-lmtcsc10
l7x-lmtcso10
l7x-lmtk10
l7x-lmtko10
l7x-lmtl10
l7x-lmtlc10
l7x-lmtlco10
l7x-lmtlo10
l7x-lmtt10
l7x-lmtt12
l7x-lmtt8
l7x-lmtt9
l7x-lmtti10
l7x-lmtto10
l7x-lmu10
l7x-lmvtk10
l7x-lmvtko10
l7x-lmvtl10
l7x-lmvtlo10
l7x-lmvtt10
l7x-lmvtto10
lmbsy10
lmbsy5
lmbsy7
lmex10
lmmi10
lmmi12
lmmi5
lmmi6
lmmi7
lmmi8
lmmi9
lmmib10
lmmib5
lmmib7
lmsy10
lmsy5
lmsy6
lmsy7
lmsy8
lmsy9
qx-lmb10
qx-lmbo10
qx-lmbx10
qx-lmbx12
qx-lmbx5
qx-lmbx6
qx-lmbx7
qx-lmbx8
qx-lmbx9
qx-lmbxi10
qx-lmbxo10
qx-lmcsc10
qx-lmcsco10
qx-lmdunh10
qx-lmduno10
qx-lmr10
qx-lmr12
qx-lmr17
qx-lmr5
qx-lmr6
qx-lmr7
qx-lmr8
qx-lmr9
qx-lmri10
qx-lmri12
qx-lmri7
qx-lmri8
qx-lmri9
qx-lmro10
qx-lmro12
qx-lmro17
qx-lmro8
qx-lmro9
qx-lmss10
qx-lmss12
qx-lmss17
qx-lmss8
qx-lmss9
qx-lmssbo10
qx-lmssbx10
qx-lmssdc10
qx-lmssdo10
qx-lmsso10
qx-lmsso12
qx-lmsso17
qx-lmsso8
qx-lmsso9
qx-lmssq8
qx-lmssqbo8
qx-lmssqbx8
qx-lmssqo8
qx-lmtcsc10
qx-lmtcso10
qx-lmtk10
qx-lmtko10
qx-lmtl10
qx-lmtlc10
qx-lmtlco10
qx-lmtlo10
qx-lmtt10
qx-lmtt12
qx-lmtt8
qx-lmtt9
qx-lmtti10
qx-lmtto10
qx-lmu10
qx-lmvtk10
qx-lmvtko10
qx-lmvtl10
qx-lmvtlo10
qx-lmvtt10
qx-lmvtto10
rm-lmb10
rm-lmbo10
rm-lmbx10
rm-lmbx12
rm-lmbx5
rm-lmbx6
rm-lmbx7
rm-lmbx8
rm-lmbx9
rm-lmbxi10
rm-lmbxo10
rm-lmcsc10
rm-lmcsco10
rm-lmdunh10
rm-lmduno10
rm-lmr10
rm-lmr12
rm-lmr17
rm-lmr5
rm-lmr6
rm-lmr7
rm-lmr8
rm-lmr9
rm-lmri10
rm-lmri12
rm-lmri7
rm-lmri8
rm-lmri9
rm-lmro10
rm-lmro12
rm-lmro17
rm-lmro8
rm-lmro9
rm-lmss10
rm-lmss12
rm-lmss17
rm-lmss8
rm-lmss9
rm-lmssbo10
rm-lmssbx10
rm-lmssdc10
rm-lmssdo10
rm-lmsso10
rm-lmsso12
rm-lmsso17
rm-lmsso8
rm-lmsso9
rm-lmssq8
rm-lmssqbo8
rm-lmssqbx8
rm-lmssqo8
rm-lmtcsc10
rm-lmtcso10
rm-lmtk10
rm-lmtko10
rm-lmtl10
rm-lmtlc10
rm-lmtlco10
rm-lmtlo10
rm-lmtt10
rm-lmtt12
rm-lmtt8
rm-lmtt9
rm-lmtti10
rm-lmtto10
rm-lmu10
rm-lmvtk10
rm-lmvtko10
rm-lmvtl10
rm-lmvtlo10
rm-lmvtt10
rm-lmvtto10
t5-lmb10
t5-lmbo10
t5-lmbx10
t5-lmbx12
t5-lmbx5
t5-lmbx6
t5-lmbx7
t5-lmbx8
t5-lmbx9
t5-lmbxi10
t5-lmbxo10
t5-lmcsc10
t5-lmcsco10
t5-lmdunh10
t5-lmduno10
t5-lmr10
t5-lmr12
t5-lmr17
t5-lmr5
t5-lmr6
t5-lmr7
t5-lmr8
t5-lmr9
t5-lmri10
t5-lmri12
t5-lmri7
t5-lmri8
t5-lmri9
t5-lmro10
t5-lmro12
t5-lmro17
t5-lmro8
t5-lmro9
t5-lmss10
t5-lmss12
t5-lmss17
t5-lmss8
t5-lmss9
t5-lmssbo10
t5-lmssbx10
t5-lmssdc10
t5-lmssdo10
t5-lmsso10
t5-lmsso12
t5-lmsso17
t5-lmsso8
t5-lmsso9
t5-lmssq8
t5-lmssqbo8
t5-lmssqbx8
t5-lmssqo8
t5-lmtcsc10
t5-lmtcso10
t5-lmtk10
t5-lmtko10
t5-lmtl10
t5-lmtlc10
t5-lmtlco10
t5-lmtlo10
t5-lmtt10
t5-lmtt12
t5-lmtt8
t5-lmtt9
t5-lmtti10
t5-lmtto10
t5-lmu10
t5-lmvtk10
t5-lmvtko10
t5-lmvtl10
t5-lmvtlo10
t5-lmvtt10
t5-lmvtto10
texnansi-lmb10
texnansi-lmbo10
texnansi-lmbx10
texnansi-lmbx12
texnansi-lmbx5
texnansi-lmbx6
texnansi-lmbx7
texnansi-lmbx8
texnansi-lmbx9
texnansi-lmbxi10
texnansi-lmbxo10
texnansi-lmcsc10
texnansi-lmcsco10
texnansi-lmdunh10
texnansi-lmduno10
texnansi-lmr10
texnansi-lmr12
texnansi-lmr17
texnansi-lmr5
texnansi-lmr6
texnansi-lmr7
texnansi-lmr8
texnansi-lmr9
texnansi-lmri10
texnansi-lmri12
texnansi-lmri7
texnansi-lmri8
texnansi-lmri9
texnansi-lmro10
texnansi-lmro12
texnansi-lmro17
texnansi-lmro8
texnansi-lmro9
texnansi-lmss10
texnansi-lmss12
texnansi-lmss17
texnansi-lmss8
texnansi-lmss9
texnansi-lmssbo10
texnansi-lmssbx10
texnansi-lmssdc10
texnansi-lmssdo10
texnansi-lmsso10
texnansi-lmsso12
texnansi-lmsso17
texnansi-lmsso8
texnansi-lmsso9
texnansi-lmssq8
texnansi-lmssqbo8
texnansi-lmssqbx8
texnansi-lmssqo8
texnansi-lmtcsc10
texnansi-lmtcso10
texnansi-lmtk10
texnansi-lmtko10
texnansi-lmtl10
texnansi-lmtlc10
texnansi-lmtlco10
texnansi-lmtlo10
texnansi-lmtt10
texnansi-lmtt12
texnansi-lmtt8
texnansi-lmtt9
texnansi-lmtti10
texnansi-lmtto10
texnansi-lmu10
texnansi-lmvtk10
texnansi-lmvtko10
texnansi-lmvtl10
texnansi-lmvtlo10
texnansi-lmvtt10
texnansi-lmvtto10
ts1-lmb10
ts1-lmbo10
ts1-lmbx10
ts1-lmbx12
ts1-lmbx5
ts1-lmbx6
ts1-lmbx7
ts1-lmbx8
ts1-lmbx9
ts1-lmbxi10
ts1-lmbxo10
ts1-lmcsc10
ts1-lmcsco10
ts1-lmdunh10
ts1-lmduno10
ts1-lmr10
ts1-lmr12
ts1-lmr17
ts1-lmr5
ts1-lmr6
ts1-lmr7
ts1-lmr8
ts1-lmr9
ts1-lmri10
ts1-lmri12
ts1-lmri7
ts1-lmri8
ts1-lmri9
ts1-lmro10
ts1-lmro12
ts1-lmro17
ts1-lmro8
ts1-lmro9
ts1-lmss10
ts1-lmss12
ts1-lmss17
ts1-lmss8
ts1-lmss9
ts1-lmssbo10
ts1-lmssbx10
ts1-lmssdc10
ts1-lmssdo10
ts1-lmsso10
ts1-lmsso12
ts1-lmsso17
ts1-lmsso8
ts1-lmsso9
ts1-lmssq8
ts1-lmssqbo8
ts1-lmssqbx8
ts1-lmssqo8
ts1-lmtcsc10
ts1-lmtcso10
ts1-lmtk10
ts1-lmtko10
ts1-lmtl10
ts1-lmtlc10
ts1-lmtlco10
ts1-lmtlo10
ts1-lmtt10
ts1-lmtt12
ts1-lmtt8
ts1-lmtt9
ts1-lmtti10
ts1-lmtto10
ts1-lmu10
ts1-lmvtk10
ts1-lmvtko10
ts1-lmvtl10
ts1-lmvtlo10
ts1-lmvtt10
ts1-lmvtto10

/usr/share/texmf-dist/fonts/map/dvips/marvosym/marvosym.map:
umvs

/usr/share/texmf/fonts/map/dvips/tetex/mathpple.map:
eurbo10
eurmo10

/usr/share/texmf-dist/fonts/map/dvips/psnfss/pazo.map:
fplmb
fplmbb
fplmbi
fplmr
fplmri

/usr/share/texmf-dist/fonts/map/dvips/pxfonts/pxfonts.map:
pxbex
pxbexa
pxbmia
pxbsy
pxbsya
pxbsyb
pxbsyc
pxex
pxexa
pxmia
pxsy
pxsya
pxsyb
pxsyc
rpcxb
rpcxbi
rpcxbsl
rpcxi
rpcxr
rpcxsl
rpxb
rpxbi
rpxbmi
rpxbsc
rpxbsl
rpxi
rpxmi
rpxr
rpxsc
rpxsl

/usr/share/texmf-dist/fonts/map/dvips/tex-gyre/qag.map:
cs-qagb
cs-qagb-sc
cs-qagbi
cs-qagbi-sc
cs-qagr
cs-qagr-sc
cs-qagri
cs-qagri-sc
ec-qagb
ec-qagb-sc
ec-qagbi
ec-qagbi-sc
ec-qagr
ec-qagr-sc
ec-qagri
ec-qagri-sc
l7x-qagb
l7x-qagb-sc
l7x-qagbi
l7x-qagbi-sc
l7x-qagr
l7x-qagr-sc
l7x-qagri
l7x-qagri-sc
qx-qagb
qx-qagb-sc
qx-qagbi
qx-qagbi-sc
qx-qagr
qx-qagr-sc
qx-qagri
qx-qagri-sc
rm-qagb
rm-qagb-sc
rm-qagbi
rm-qagbi-sc
rm-qagr
rm-qagr-sc
rm-qagri
rm-qagri-sc
t5-qagb
t5-qagb-sc
t5-qagbi
t5-qagbi-sc
t5-qagr
t5-qagr-sc
t5-qagri
t5-qagri-sc
texnansi-qagb
texnansi-qagb-sc
texnansi-qagbi
texnansi-qagbi-sc
texnansi-qagr
texnansi-qagr-sc
texnansi-qagri
texnansi-qagri-sc
ts1-qagb
ts1-qagbi
ts1-qagr
ts1-qagri

/usr/share/texmf-dist/fonts/map/dvips/tex-gyre/qbk.map:
cs-qbkb
cs-qbkb-sc
cs-qbkbi
cs-qbkbi-sc
cs-qbkr
cs-qbkr-sc
cs-qbkri
cs-qbkri-sc
ec-qbkb
ec-qbkb-sc
ec-qbkbi
ec-qbkbi-sc
ec-qbkr
ec-qbkr-sc
ec-qbkri
ec-qbkri-sc
l7x-qbkb
l7x-qbkb-sc
l7x-qbkbi
l7x-qbkbi-sc
l7x-qbkr
l7x-qbkr-sc
l7x-qbkri
l7x-qbkri-sc
qx-qbkb
qx-qbkb-sc
qx-qbkbi
qx-qbkbi-sc
qx-qbkr
qx-qbkr-sc
qx-qbkri
qx-qbkri-sc
rm-qbkb
rm-qbkb-sc
rm-qbkbi
rm-qbkbi-sc
rm-qbkr
rm-qbkr-sc
rm-qbkri
rm-qbkri-sc
t5-qbkb
t5-qbkb-sc
t5-qbkbi
t5-qbkbi-sc
t5-qbkr
t5-qbkr-sc
t5-qbkri
t5-qbkri-sc
texnansi-qbkb
texnansi-qbkb-sc
texnansi-qbkbi
texnansi-qbkbi-sc
texnansi-qbkr
texnansi-qbkr-sc
texnansi-qbkri
texnansi-qbkri-sc
ts1-qbkb
ts1-qbkbi
ts1-qbkr
ts1-qbkri

/usr/share/texmf-dist/fonts/map/dvips/tex-gyre/qcr.map:
cs-qcrb
cs-qcrb-sc
cs-qcrbi
cs-qcrbi-sc
cs-qcrr
cs-qcrr-sc
cs-qcrri
cs-qcrri-sc
ec-qcrb
ec-qcrb-sc
ec-qcrbi
ec-qcrbi-sc
ec-qcrr
ec-qcrr-sc
ec-qcrri
ec-qcrri-sc
l7x-qcrb
l7x-qcrb-sc
l7x-qcrbi
l7x-qcrbi-sc
l7x-qcrr
l7x-qcrr-sc
l7x-qcrri
l7x-qcrri-sc
qx-qcrb
qx-qcrb-sc
qx-qcrbi
qx-qcrbi-sc
qx-qcrr
qx-qcrr-sc
qx-qcrri
qx-qcrri-sc
rm-qcrb
rm-qcrb-sc
rm-qcrbi
rm-qcrbi-sc
rm-qcrr
rm-qcrr-sc
rm-qcrri
rm-qcrri-sc
t5-qcrb
t5-qcrb-sc
t5-qcrbi
t5-qcrbi-sc
t5-qcrr
t5-qcrr-sc
t5-qcrri
t5-qcrri-sc
texnansi-qcrb
texnansi-qcrb-sc
texnansi-qcrbi
texnansi-qcrbi-sc
texnansi-qcrr
texnansi-qcrr-sc
texnansi-qcrri
texnansi-qcrri-sc
ts1-qcrb
ts1-qcrbi
ts1-qcrr
ts1-qcrri

/usr/share/texmf-dist/fonts/map/dvips/tex-gyre/qcs.map:
cs-qcsb
cs-qcsb-sc
cs-qcsbi
cs-qcsbi-sc
cs-qcsr
cs-qcsr-sc
cs-qcsri
cs-qcsri-sc
ec-qcsb
ec-qcsb-sc
ec-qcsbi
ec-qcsbi-sc
ec-qcsr
ec-qcsr-sc
ec-qcsri
ec-qcsri-sc
l7x-qcsb
l7x-qcsb-sc
l7x-qcsbi
l7x-qcsbi-sc
l7x-qcsr
l7x-qcsr-sc
l7x-qcsri
l7x-qcsri-sc
qx-qcsb
qx-qcsb-sc
qx-qcsbi
qx-qcsbi-sc
qx-qcsr
qx-qcsr-sc
qx-qcsri
qx-qcsri-sc
rm-qcsb
rm-qcsb-sc
rm-qcsbi
rm-qcsbi-sc
rm-qcsr
rm-qcsr-sc
rm-qcsri
rm-qcsri-sc
t5-qcsb
t5-qcsb-sc
t5-qcsbi
t5-qcsbi-sc
t5-qcsr
t5-qcsr-sc
t5-qcsri
t5-qcsri-sc
texnansi-qcsb
texnansi-qcsb-sc
texnansi-qcsbi
texnansi-qcsbi-sc
texnansi-qcsr
texnansi-qcsr-sc
texnansi-qcsri
texnansi-qcsri-sc
ts1-qcsb
ts1-qcsbi
ts1-qcsr
ts1-qcsri

/usr/share/texmf-dist/fonts/map/dvips/tex-gyre/qhv.map:
cs-qhvb
cs-qhvb-sc
cs-qhvbi
cs-qhvbi-sc
cs-qhvcb
cs-qhvcb-sc
cs-qhvcbi
cs-qhvcbi-sc
cs-qhvcr
cs-qhvcr-sc
cs-qhvcri
cs-qhvcri-sc
cs-qhvr
cs-qhvr-sc
cs-qhvri
cs-qhvri-sc
ec-qhvb
ec-qhvb-sc
ec-qhvbi
ec-qhvbi-sc
ec-qhvcb
ec-qhvcb-sc
ec-qhvcbi
ec-qhvcbi-sc
ec-qhvcr
ec-qhvcr-sc
ec-qhvcri
ec-qhvcri-sc
ec-qhvr
ec-qhvr-sc
ec-qhvri
ec-qhvri-sc
l7x-qhvb
l7x-qhvb-sc
l7x-qhvbi
l7x-qhvbi-sc
l7x-qhvcb
l7x-qhvcb-sc
l7x-qhvcbi
l7x-qhvcbi-sc
l7x-qhvcr
l7x-qhvcr-sc
l7x-qhvcri
l7x-qhvcri-sc
l7x-qhvr
l7x-qhvr-sc
l7x-qhvri
l7x-qhvri-sc
qx-qhvb
qx-qhvb-sc
qx-qhvbi
qx-qhvbi-sc
qx-qhvcb
qx-qhvcb-sc
qx-qhvcbi
qx-qhvcbi-sc
qx-qhvcr
qx-qhvcr-sc
qx-qhvcri
qx-qhvcri-sc
qx-qhvr
qx-qhvr-sc
qx-qhvri
qx-qhvri-sc
rm-qhvb
rm-qhvb-sc
rm-qhvbi
rm-qhvbi-sc
rm-qhvcb
rm-qhvcb-sc
rm-qhvcbi
rm-qhvcbi-sc
rm-qhvcr
rm-qhvcr-sc
rm-qhvcri
rm-qhvcri-sc
rm-qhvr
rm-qhvr-sc
rm-qhvri
rm-qhvri-sc
t5-qhvb
t5-qhvb-sc
t5-qhvbi
t5-qhvbi-sc
t5-qhvcb
t5-qhvcb-sc
t5-qhvcbi
t5-qhvcbi-sc
t5-qhvcr
t5-qhvcr-sc
t5-qhvcri
t5-qhvcri-sc
t5-qhvr
t5-qhvr-sc
t5-qhvri
t5-qhvri-sc
texnansi-qhvb
texnansi-qhvb-sc
texnansi-qhvbi
texnansi-qhvbi-sc
texnansi-qhvcb
texnansi-qhvcb-sc
texnansi-qhvcbi
texnansi-qhvcbi-sc
texnansi-qhvcr
texnansi-qhvcr-sc
texnansi-qhvcri
texnansi-qhvcri-sc
texnansi-qhvr
texnansi-qhvr-sc
texnansi-qhvri
texnansi-qhvri-sc
ts1-qhvb
ts1-qhvbi
ts1-qhvcb
ts1-qhvcbi
ts1-qhvcr
ts1-qhvcri
ts1-qhvr
ts1-qhvri

/usr/share/texmf-dist/fonts/map/dvips/tex-gyre/qpl.map:
cs-qplb
cs-qplb-sc
cs-qplbi
cs-qplbi-sc
cs-qplr
cs-qplr-sc
cs-qplri
cs-qplri-sc
ec-qplb
ec-qplb-sc
ec-qplbi
ec-qplbi-sc
ec-qplr
ec-qplr-sc
ec-qplri
ec-qplri-sc
l7x-qplb
l7x-qplb-sc
l7x-qplbi
l7x-qplbi-sc
l7x-qplr
l7x-qplr-sc
l7x-qplri
l7x-qplri-sc
qx-qplb
qx-qplb-sc
qx-qplbi
qx-qplbi-sc
qx-qplr
qx-qplr-sc
qx-qplri
qx-qplri-sc
rm-qplb
rm-qplb-sc
rm-qplbi
rm-qplbi-sc
rm-qplr
rm-qplr-sc
rm-qplri
rm-qplri-sc
t5-qplb
t5-qplb-sc
t5-qplbi
t5-qplbi-sc
t5-qplr
t5-qplr-sc
t5-qplri
t5-qplri-sc
texnansi-qplb
texnansi-qplb-sc
texnansi-qplbi
texnansi-qplbi-sc
texnansi-qplr
texnansi-qplr-sc
texnansi-qplri
texnansi-qplri-sc
ts1-qplb
ts1-qplbi
ts1-qplr
ts1-qplri

/usr/share/texmf-dist/fonts/map/dvips/tex-gyre/qtm.map:
cs-qtmb
cs-qtmb-sc
cs-qtmbi
cs-qtmbi-sc
cs-qtmr
cs-qtmr-sc
cs-qtmri
cs-qtmri-sc
ec-qtmb
ec-qtmb-sc
ec-qtmbi
ec-qtmbi-sc
ec-qtmr
ec-qtmr-sc
ec-qtmri
ec-qtmri-sc
l7x-qtmb
l7x-qtmb-sc
l7x-qtmbi
l7x-qtmbi-sc
l7x-qtmr
l7x-qtmr-sc
l7x-qtmri
l7x-qtmri-sc
qx-qtmb
qx-qtmb-sc
qx-qtmbi
qx-qtmbi-sc
qx-qtmr
qx-qtmr-sc
qx-qtmri
qx-qtmri-sc
rm-qtmb
rm-qtmb-sc
rm-qtmbi
rm-qtmbi-sc
rm-qtmr
rm-qtmr-sc
rm-qtmri
rm-qtmri-sc
t5-qtmb
t5-qtmb-sc
t5-qtmbi
t5-qtmbi-sc
t5-qtmr
t5-qtmr-sc
t5-qtmri
t5-qtmri-sc
texnansi-qtmb
texnansi-qtmb-sc
texnansi-qtmbi
texnansi-qtmbi-sc
texnansi-qtmr
texnansi-qtmr-sc
texnansi-qtmri
texnansi-qtmri-sc
ts1-qtmb
ts1-qtmbi
ts1-qtmr
ts1-qtmri

/usr/share/texmf-dist/fonts/map/dvips/tex-gyre/qzc.map:
cs-qzcmi
ec-qzcmi
l7x-qzcmi
qx-qzcmi
rm-qzcmi
t5-qzcmi
texnansi-qzcmi
ts1-qzcmi

/usr/share/texmf-dist/fonts/map/dvips/txfonts/txfonts.map:
rtcxb
rtcxbi
rtcxbsl
rtcxbss
rtcxbsso
rtcxi
rtcxr
rtcxsl
rtcxss
rtcxsssl
rtxb
rtxbi
rtxbmi
rtxbsc
rtxbsl
rtxbss
rtxbsssc
rtxbsssl
rtxi
rtxmi
rtxr
rtxsc
rtxsl
rtxss
rtxsssc
rtxsssl
t1xbtt
t1xbttsc
t1xbttsl
t1xtt
t1xttsc
t1xttsl
tcxbtt
tcxbttsl
tcxtt
tcxttsl
txbex
txbexa
txbmia
txbsy
txbsya
txbsyb
txbsyc
txbtt
txbttsc
txbttsl
txex
txexa
txmia
txsy
txsya
txsyb
txsyc
txtt
txttsc
txttsl

/usr/share/texmf-dist/fonts/map/dvips/psnfss/utopia.map:
putb8r
putbi8r
putbo8r
putr8r
putri8r
putro8r

Files generated:
  /var/lib/texmf/fonts/map/dvips/updmap:
       11448 2013-05-31 13:25:22 builtin35.map
       15911 2013-05-31 13:25:22 download35.map
      110842 2013-05-31 13:25:22 psfonts_pk.map
      316166 2013-05-31 13:25:22 psfonts_t1.map
      316161 2013-05-31 13:25:22 ps2pk.map
          14 2013-05-31 13:25:22 psfonts.map -> psfonts_t1.map
  /var/lib/texmf/fonts/map/pdftex/updmap:
      316168 2013-05-31 13:25:22 pdftex_dl14.map
      314595 2013-05-31 13:25:22 pdftex_ndl14.map
          15 2013-05-31 13:25:24 pdftex.map -> pdftex_dl14.map
  /var/lib/texmf/fonts/map/dvipdfmx/updmap:
         281 2013-05-31 13:25:22 kanjix.map
